<?xml version="1.0" encoding="UTF-8" ?>
<testsuite failures="0" time="3.931" errors="2" skipped="0" tests="2" name="com.deluxe.test.cxf_jboss.HelloWorldIT">
  <properties>
    <property name="java.runtime.name" value="Java(TM) SE Runtime Environment"/>
    <property name="sun.boot.library.path" value="C:\Program Files\Java\jdk1.7.0_79\jre\bin"/>
    <property name="java.vm.version" value="24.79-b02"/>
    <property name="java.vm.vendor" value="Oracle Corporation"/>
    <property name="java.vendor.url" value="http://java.oracle.com/"/>
    <property name="path.separator" value=";"/>
    <property name="java.vm.name" value="Java HotSpot(TM) 64-Bit Server VM"/>
    <property name="file.encoding.pkg" value="sun.io"/>
    <property name="user.script" value=""/>
    <property name="user.country" value="US"/>
    <property name="sun.java.launcher" value="SUN_STANDARD"/>
    <property name="sun.os.patch.level" value="Service Pack 1"/>
    <property name="java.vm.specification.name" value="Java Virtual Machine Specification"/>
    <property name="user.dir" value="C:\Users\k303068\WS_Luna\cxf_jboss"/>
    <property name="java.runtime.version" value="1.7.0_79-b15"/>
    <property name="java.awt.graphicsenv" value="sun.awt.Win32GraphicsEnvironment"/>
    <property name="basedir" value="C:\Users\k303068\WS_Luna\cxf_jboss"/>
    <property name="java.endorsed.dirs" value="C:\Program Files\Java\jdk1.7.0_79\jre\lib\endorsed"/>
    <property name="os.arch" value="amd64"/>
    <property name="surefire.real.class.path" value="C:\Users\k303068\WS_Luna\cxf_jboss\target\surefire\surefirebooter2644250203310349364.jar"/>
    <property name="java.io.tmpdir" value="C:\Users\k303068\AppData\Local\Temp\"/>
    <property name="line.separator" value="
"/>
    <property name="java.vm.specification.vendor" value="Oracle Corporation"/>
    <property name="user.variant" value=""/>
    <property name="os.name" value="Windows 7"/>
    <property name="sun.jnu.encoding" value="Cp1252"/>
    <property name="java.library.path" value="C:\Program Files\Java\jdk1.7.0_79\jre\bin;C:\Windows\Sun\Java\bin;C:\Windows\system32;C:\Windows;C:\Program Files\Common Files\Microsoft Shared\Microsoft Online Services;C:\Program Files (x86)\Common Files\Microsoft Shared\Microsoft Online Services;C:\Windows\system32;C:\Windows;C:\Windows\System32\Wbem;C:\Windows\System32\WindowsPowerShell\v1.0\;C:\Program Files (x86)\Microsoft Application Virtualization Client;C:\Program Files\Java\jdk1.7.0_79\bin;C:\apache-tomcat-6.0.37\bin;C:\Axis2\axis2-1.6.2\bin;C:\xmlbeans-2.5.0\bin;C:\Windows\System32\WindowsPowerShell\v1.0\;C:\Program Files (x86)\WebEx\Productivity Tools;C:\apache-maven-3.2.5\bin;;."/>
    <property name="surefire.test.class.path" value="C:\Users\k303068\WS_Luna\cxf_jboss\target\test-classes;C:\Users\k303068\WS_Luna\cxf_jboss\target\classes;C:\Users\k303068\.m2\repository\org\apache\cxf\cxf-rt-frontend-jaxrs\3.1.7\cxf-rt-frontend-jaxrs-3.1.7.jar;C:\Users\k303068\.m2\repository\org\apache\cxf\cxf-core\3.1.7\cxf-core-3.1.7.jar;C:\Users\k303068\.m2\repository\org\codehaus\woodstox\woodstox-core-asl\4.4.1\woodstox-core-asl-4.4.1.jar;C:\Users\k303068\.m2\repository\org\codehaus\woodstox\stax2-api\3.1.4\stax2-api-3.1.4.jar;C:\Users\k303068\.m2\repository\org\apache\ws\xmlschema\xmlschema-core\2.2.1\xmlschema-core-2.2.1.jar;C:\Users\k303068\.m2\repository\javax\ws\rs\javax.ws.rs-api\2.0.1\javax.ws.rs-api-2.0.1.jar;C:\Users\k303068\.m2\repository\javax\annotation\javax.annotation-api\1.2\javax.annotation-api-1.2.jar;C:\Users\k303068\.m2\repository\org\apache\cxf\cxf-rt-transports-http\3.1.7\cxf-rt-transports-http-3.1.7.jar;C:\Users\k303068\.m2\repository\org\apache\cxf\cxf-rt-rs-client\3.1.7\cxf-rt-rs-client-3.1.7.jar;C:\Users\k303068\.m2\repository\org\apache\cxf\cxf-rt-frontend-jaxws\3.1.6\cxf-rt-frontend-jaxws-3.1.6.jar;C:\Users\k303068\.m2\repository\xml-resolver\xml-resolver\1.2\xml-resolver-1.2.jar;C:\Users\k303068\.m2\repository\org\ow2\asm\asm\5.0.4\asm-5.0.4.jar;C:\Users\k303068\.m2\repository\org\apache\cxf\cxf-rt-bindings-soap\3.1.6\cxf-rt-bindings-soap-3.1.6.jar;C:\Users\k303068\.m2\repository\org\apache\cxf\cxf-rt-wsdl\3.1.6\cxf-rt-wsdl-3.1.6.jar;C:\Users\k303068\.m2\repository\wsdl4j\wsdl4j\1.6.3\wsdl4j-1.6.3.jar;C:\Users\k303068\.m2\repository\org\apache\cxf\cxf-rt-databinding-jaxb\3.1.6\cxf-rt-databinding-jaxb-3.1.6.jar;C:\Users\k303068\.m2\repository\com\sun\xml\bind\jaxb-impl\2.2.11\jaxb-impl-2.2.11.jar;C:\Users\k303068\.m2\repository\com\sun\xml\bind\jaxb-core\2.2.11\jaxb-core-2.2.11.jar;C:\Users\k303068\.m2\repository\org\apache\cxf\cxf-rt-bindings-xml\3.1.6\cxf-rt-bindings-xml-3.1.6.jar;C:\Users\k303068\.m2\repository\org\apache\cxf\cxf-rt-frontend-simple\3.1.6\cxf-rt-frontend-simple-3.1.6.jar;C:\Users\k303068\.m2\repository\org\apache\cxf\cxf-rt-ws-addr\3.1.6\cxf-rt-ws-addr-3.1.6.jar;C:\Users\k303068\.m2\repository\org\apache\cxf\cxf-rt-ws-policy\3.1.6\cxf-rt-ws-policy-3.1.6.jar;C:\Users\k303068\.m2\repository\org\apache\neethi\neethi\3.0.3\neethi-3.0.3.jar;C:\Users\k303068\.m2\repository\org\codehaus\jackson\jackson-core-asl\1.8.6\jackson-core-asl-1.8.6.jar;C:\Users\k303068\.m2\repository\org\codehaus\jackson\jackson-mapper-asl\1.8.6\jackson-mapper-asl-1.8.6.jar;C:\Users\k303068\.m2\repository\org\codehaus\jackson\jackson-jaxrs\1.8.6\jackson-jaxrs-1.8.6.jar;C:\Users\k303068\.m2\repository\org\springframework\spring-web\4.1.9.RELEASE\spring-web-4.1.9.RELEASE.jar;C:\Users\k303068\.m2\repository\org\springframework\spring-aop\4.1.9.RELEASE\spring-aop-4.1.9.RELEASE.jar;C:\Users\k303068\.m2\repository\aopalliance\aopalliance\1.0\aopalliance-1.0.jar;C:\Users\k303068\.m2\repository\org\springframework\spring-beans\4.1.9.RELEASE\spring-beans-4.1.9.RELEASE.jar;C:\Users\k303068\.m2\repository\org\springframework\spring-context\4.1.9.RELEASE\spring-context-4.1.9.RELEASE.jar;C:\Users\k303068\.m2\repository\org\springframework\spring-expression\4.1.9.RELEASE\spring-expression-4.1.9.RELEASE.jar;C:\Users\k303068\.m2\repository\org\springframework\spring-core\4.1.9.RELEASE\spring-core-4.1.9.RELEASE.jar;C:\Users\k303068\.m2\repository\commons-logging\commons-logging\1.2\commons-logging-1.2.jar;C:\Users\k303068\.m2\repository\junit\junit\4.12\junit-4.12.jar;C:\Users\k303068\.m2\repository\org\hamcrest\hamcrest-core\1.3\hamcrest-core-1.3.jar;"/>
    <property name="java.specification.name" value="Java Platform API Specification"/>
    <property name="java.class.version" value="51.0"/>
    <property name="sun.management.compiler" value="HotSpot 64-Bit Tiered Compilers"/>
    <property name="os.version" value="6.1"/>
    <property name="user.home" value="C:\Users\k303068"/>
    <property name="user.timezone" value="America/New_York"/>
    <property name="java.awt.printerjob" value="sun.awt.windows.WPrinterJob"/>
    <property name="java.specification.version" value="1.7"/>
    <property name="file.encoding" value="Cp1252"/>
    <property name="user.name" value="K303068"/>
    <property name="java.class.path" value="C:\Users\k303068\WS_Luna\cxf_jboss\target\test-classes;C:\Users\k303068\WS_Luna\cxf_jboss\target\classes;C:\Users\k303068\.m2\repository\org\apache\cxf\cxf-rt-frontend-jaxrs\3.1.7\cxf-rt-frontend-jaxrs-3.1.7.jar;C:\Users\k303068\.m2\repository\org\apache\cxf\cxf-core\3.1.7\cxf-core-3.1.7.jar;C:\Users\k303068\.m2\repository\org\codehaus\woodstox\woodstox-core-asl\4.4.1\woodstox-core-asl-4.4.1.jar;C:\Users\k303068\.m2\repository\org\codehaus\woodstox\stax2-api\3.1.4\stax2-api-3.1.4.jar;C:\Users\k303068\.m2\repository\org\apache\ws\xmlschema\xmlschema-core\2.2.1\xmlschema-core-2.2.1.jar;C:\Users\k303068\.m2\repository\javax\ws\rs\javax.ws.rs-api\2.0.1\javax.ws.rs-api-2.0.1.jar;C:\Users\k303068\.m2\repository\javax\annotation\javax.annotation-api\1.2\javax.annotation-api-1.2.jar;C:\Users\k303068\.m2\repository\org\apache\cxf\cxf-rt-transports-http\3.1.7\cxf-rt-transports-http-3.1.7.jar;C:\Users\k303068\.m2\repository\org\apache\cxf\cxf-rt-rs-client\3.1.7\cxf-rt-rs-client-3.1.7.jar;C:\Users\k303068\.m2\repository\org\apache\cxf\cxf-rt-frontend-jaxws\3.1.6\cxf-rt-frontend-jaxws-3.1.6.jar;C:\Users\k303068\.m2\repository\xml-resolver\xml-resolver\1.2\xml-resolver-1.2.jar;C:\Users\k303068\.m2\repository\org\ow2\asm\asm\5.0.4\asm-5.0.4.jar;C:\Users\k303068\.m2\repository\org\apache\cxf\cxf-rt-bindings-soap\3.1.6\cxf-rt-bindings-soap-3.1.6.jar;C:\Users\k303068\.m2\repository\org\apache\cxf\cxf-rt-wsdl\3.1.6\cxf-rt-wsdl-3.1.6.jar;C:\Users\k303068\.m2\repository\wsdl4j\wsdl4j\1.6.3\wsdl4j-1.6.3.jar;C:\Users\k303068\.m2\repository\org\apache\cxf\cxf-rt-databinding-jaxb\3.1.6\cxf-rt-databinding-jaxb-3.1.6.jar;C:\Users\k303068\.m2\repository\com\sun\xml\bind\jaxb-impl\2.2.11\jaxb-impl-2.2.11.jar;C:\Users\k303068\.m2\repository\com\sun\xml\bind\jaxb-core\2.2.11\jaxb-core-2.2.11.jar;C:\Users\k303068\.m2\repository\org\apache\cxf\cxf-rt-bindings-xml\3.1.6\cxf-rt-bindings-xml-3.1.6.jar;C:\Users\k303068\.m2\repository\org\apache\cxf\cxf-rt-frontend-simple\3.1.6\cxf-rt-frontend-simple-3.1.6.jar;C:\Users\k303068\.m2\repository\org\apache\cxf\cxf-rt-ws-addr\3.1.6\cxf-rt-ws-addr-3.1.6.jar;C:\Users\k303068\.m2\repository\org\apache\cxf\cxf-rt-ws-policy\3.1.6\cxf-rt-ws-policy-3.1.6.jar;C:\Users\k303068\.m2\repository\org\apache\neethi\neethi\3.0.3\neethi-3.0.3.jar;C:\Users\k303068\.m2\repository\org\codehaus\jackson\jackson-core-asl\1.8.6\jackson-core-asl-1.8.6.jar;C:\Users\k303068\.m2\repository\org\codehaus\jackson\jackson-mapper-asl\1.8.6\jackson-mapper-asl-1.8.6.jar;C:\Users\k303068\.m2\repository\org\codehaus\jackson\jackson-jaxrs\1.8.6\jackson-jaxrs-1.8.6.jar;C:\Users\k303068\.m2\repository\org\springframework\spring-web\4.1.9.RELEASE\spring-web-4.1.9.RELEASE.jar;C:\Users\k303068\.m2\repository\org\springframework\spring-aop\4.1.9.RELEASE\spring-aop-4.1.9.RELEASE.jar;C:\Users\k303068\.m2\repository\aopalliance\aopalliance\1.0\aopalliance-1.0.jar;C:\Users\k303068\.m2\repository\org\springframework\spring-beans\4.1.9.RELEASE\spring-beans-4.1.9.RELEASE.jar;C:\Users\k303068\.m2\repository\org\springframework\spring-context\4.1.9.RELEASE\spring-context-4.1.9.RELEASE.jar;C:\Users\k303068\.m2\repository\org\springframework\spring-expression\4.1.9.RELEASE\spring-expression-4.1.9.RELEASE.jar;C:\Users\k303068\.m2\repository\org\springframework\spring-core\4.1.9.RELEASE\spring-core-4.1.9.RELEASE.jar;C:\Users\k303068\.m2\repository\commons-logging\commons-logging\1.2\commons-logging-1.2.jar;C:\Users\k303068\.m2\repository\junit\junit\4.12\junit-4.12.jar;C:\Users\k303068\.m2\repository\org\hamcrest\hamcrest-core\1.3\hamcrest-core-1.3.jar;"/>
    <property name="java.vm.specification.version" value="1.7"/>
    <property name="sun.arch.data.model" value="64"/>
    <property name="java.home" value="C:\Program Files\Java\jdk1.7.0_79\jre"/>
    <property name="sun.java.command" value="C:\Users\k303068\WS_Luna\cxf_jboss\target\surefire\surefirebooter2644250203310349364.jar C:\Users\k303068\WS_Luna\cxf_jboss\target\surefire\surefire5253961679506145095tmp C:\Users\k303068\WS_Luna\cxf_jboss\target\surefire\surefire639312742734500042tmp"/>
    <property name="service.url" value="http://localhost:56916/jaxrs-service"/>
    <property name="java.specification.vendor" value="Oracle Corporation"/>
    <property name="user.language" value="en"/>
    <property name="awt.toolkit" value="sun.awt.windows.WToolkit"/>
    <property name="java.vm.info" value="mixed mode"/>
    <property name="java.version" value="1.7.0_79"/>
    <property name="java.ext.dirs" value="C:\Program Files\Java\jdk1.7.0_79\jre\lib\ext;C:\Windows\Sun\Java\lib\ext"/>
    <property name="sun.boot.class.path" value="C:\Program Files\Java\jdk1.7.0_79\jre\lib\resources.jar;C:\Program Files\Java\jdk1.7.0_79\jre\lib\rt.jar;C:\Program Files\Java\jdk1.7.0_79\jre\lib\sunrsasign.jar;C:\Program Files\Java\jdk1.7.0_79\jre\lib\jsse.jar;C:\Program Files\Java\jdk1.7.0_79\jre\lib\jce.jar;C:\Program Files\Java\jdk1.7.0_79\jre\lib\charsets.jar;C:\Program Files\Java\jdk1.7.0_79\jre\lib\jfr.jar;C:\Program Files\Java\jdk1.7.0_79\jre\classes"/>
    <property name="java.vendor" value="Oracle Corporation"/>
    <property name="localRepository" value="C:\Users\k303068\.m2\repository"/>
    <property name="file.separator" value="\"/>
    <property name="java.vendor.url.bug" value="http://bugreport.sun.com/bugreport/"/>
    <property name="sun.cpu.endian" value="little"/>
    <property name="sun.io.unicode.encoding" value="UnicodeLittle"/>
    <property name="sun.desktop" value="windows"/>
    <property name="sun.cpu.isalist" value="amd64"/>
  </properties>
  <testcase time="2.755" classname="com.deluxe.test.cxf_jboss.HelloWorldIT" name="testJsonRoundtrip">
    <error message="java.net.ConnectException: ConnectException invoking http://localhost:56916/jaxrs-service/hello/jsonBean: Connection refused: connect" type="javax.ws.rs.ProcessingException">javax.ws.rs.ProcessingException: java.net.ConnectException: ConnectException invoking http://localhost:56916/jaxrs-service/hello/jsonBean: Connection refused: connect
	at org.apache.cxf.jaxrs.client.AbstractClient.checkClientException(AbstractClient.java:596)
	at org.apache.cxf.jaxrs.client.AbstractClient.preProcessResult(AbstractClient.java:578)
	at org.apache.cxf.jaxrs.client.WebClient.doResponse(WebClient.java:1098)
	at org.apache.cxf.jaxrs.client.WebClient.doChainedInvocation(WebClient.java:1035)
	at org.apache.cxf.jaxrs.client.WebClient.doInvoke(WebClient.java:892)
	at org.apache.cxf.jaxrs.client.WebClient.doInvoke(WebClient.java:863)
	at org.apache.cxf.jaxrs.client.WebClient.invoke(WebClient.java:329)
	at org.apache.cxf.jaxrs.client.WebClient.post(WebClient.java:338)
	at com.deluxe.test.cxf_jboss.HelloWorldIT.testJsonRoundtrip(HelloWorldIT.java:44)
	at sun.reflect.NativeMethodAccessorImpl.invoke0(Native Method)
	at sun.reflect.NativeMethodAccessorImpl.invoke(NativeMethodAccessorImpl.java:57)
	at sun.reflect.DelegatingMethodAccessorImpl.invoke(DelegatingMethodAccessorImpl.java:43)
	at java.lang.reflect.Method.invoke(Method.java:606)
	at org.junit.runners.model.FrameworkMethod$1.runReflectiveCall(FrameworkMethod.java:50)
	at org.junit.internal.runners.model.ReflectiveCallable.run(ReflectiveCallable.java:12)
	at org.junit.runners.model.FrameworkMethod.invokeExplosively(FrameworkMethod.java:47)
	at org.junit.internal.runners.statements.InvokeMethod.evaluate(InvokeMethod.java:17)
	at org.junit.runners.ParentRunner.runLeaf(ParentRunner.java:325)
	at org.junit.runners.BlockJUnit4ClassRunner.runChild(BlockJUnit4ClassRunner.java:78)
	at org.junit.runners.BlockJUnit4ClassRunner.runChild(BlockJUnit4ClassRunner.java:57)
	at org.junit.runners.ParentRunner$3.run(ParentRunner.java:290)
	at org.junit.runners.ParentRunner$1.schedule(ParentRunner.java:71)
	at org.junit.runners.ParentRunner.runChildren(ParentRunner.java:288)
	at org.junit.runners.ParentRunner.access$000(ParentRunner.java:58)
	at org.junit.runners.ParentRunner$2.evaluate(ParentRunner.java:268)
	at org.junit.internal.runners.statements.RunBefores.evaluate(RunBefores.java:26)
	at org.junit.runners.ParentRunner.run(ParentRunner.java:363)
	at org.apache.maven.surefire.junit4.JUnit4TestSet.execute(JUnit4TestSet.java:53)
	at org.apache.maven.surefire.junit4.JUnit4Provider.executeTestSet(JUnit4Provider.java:119)
	at org.apache.maven.surefire.junit4.JUnit4Provider.invoke(JUnit4Provider.java:101)
	at sun.reflect.NativeMethodAccessorImpl.invoke0(Native Method)
	at sun.reflect.NativeMethodAccessorImpl.invoke(NativeMethodAccessorImpl.java:57)
	at sun.reflect.DelegatingMethodAccessorImpl.invoke(DelegatingMethodAccessorImpl.java:43)
	at java.lang.reflect.Method.invoke(Method.java:606)
	at org.apache.maven.surefire.booter.ProviderFactory$ClassLoaderProxy.invoke(ProviderFactory.java:103)
	at com.sun.proxy.$Proxy0.invoke(Unknown Source)
	at org.apache.maven.surefire.booter.SurefireStarter.invokeProvider(SurefireStarter.java:150)
	at org.apache.maven.surefire.booter.SurefireStarter.runSuitesInProcess(SurefireStarter.java:91)
	at org.apache.maven.surefire.booter.ForkedBooter.main(ForkedBooter.java:69)
Caused by: java.net.ConnectException: ConnectException invoking http://localhost:56916/jaxrs-service/hello/jsonBean: Connection refused: connect
	at sun.reflect.NativeConstructorAccessorImpl.newInstance0(Native Method)
	at sun.reflect.NativeConstructorAccessorImpl.newInstance(NativeConstructorAccessorImpl.java:57)
	at sun.reflect.DelegatingConstructorAccessorImpl.newInstance(DelegatingConstructorAccessorImpl.java:45)
	at java.lang.reflect.Constructor.newInstance(Constructor.java:526)
	at org.apache.cxf.transport.http.HTTPConduit$WrappedOutputStream.mapException(HTTPConduit.java:1377)
	at org.apache.cxf.transport.http.HTTPConduit$WrappedOutputStream.close(HTTPConduit.java:1361)
	at org.apache.cxf.transport.AbstractConduit.close(AbstractConduit.java:56)
	at org.apache.cxf.transport.http.HTTPConduit.close(HTTPConduit.java:651)
	at org.apache.cxf.interceptor.MessageSenderInterceptor$MessageSenderEndingInterceptor.handleMessage(MessageSenderInterceptor.java:62)
	at org.apache.cxf.phase.PhaseInterceptorChain.doIntercept(PhaseInterceptorChain.java:308)
	at org.apache.cxf.jaxrs.client.AbstractClient.doRunInterceptorChain(AbstractClient.java:666)
	at org.apache.cxf.jaxrs.client.WebClient.doChainedInvocation(WebClient.java:1034)
	... 35 more
Caused by: java.net.ConnectException: Connection refused: connect
	at java.net.DualStackPlainSocketImpl.waitForConnect(Native Method)
	at java.net.DualStackPlainSocketImpl.socketConnect(DualStackPlainSocketImpl.java:85)
	at java.net.AbstractPlainSocketImpl.doConnect(AbstractPlainSocketImpl.java:339)
	at java.net.AbstractPlainSocketImpl.connectToAddress(AbstractPlainSocketImpl.java:200)
	at java.net.AbstractPlainSocketImpl.connect(AbstractPlainSocketImpl.java:182)
	at java.net.PlainSocketImpl.connect(PlainSocketImpl.java:172)
	at java.net.SocksSocketImpl.connect(SocksSocketImpl.java:392)
	at java.net.Socket.connect(Socket.java:579)
	at sun.net.NetworkClient.doConnect(NetworkClient.java:175)
	at sun.net.www.http.HttpClient.openServer(HttpClient.java:432)
	at sun.net.www.http.HttpClient.openServer(HttpClient.java:527)
	at sun.net.www.http.HttpClient.&lt;init&gt;(HttpClient.java:211)
	at sun.net.www.http.HttpClient.New(HttpClient.java:308)
	at sun.net.www.http.HttpClient.New(HttpClient.java:326)
	at sun.net.www.protocol.http.HttpURLConnection.getNewHttpClient(HttpURLConnection.java:997)
	at sun.net.www.protocol.http.HttpURLConnection.plainConnect(HttpURLConnection.java:976)
	at sun.net.www.protocol.http.HttpURLConnection.connect(HttpURLConnection.java:851)
	at sun.net.www.protocol.http.HttpURLConnection.getOutputStream(HttpURLConnection.java:1092)
	at org.apache.cxf.transport.http.URLConnectionHTTPConduit$URLConnectionWrappedOutputStream.setupWrappedStream(URLConnectionHTTPConduit.java:236)
	at org.apache.cxf.transport.http.HTTPConduit$WrappedOutputStream.handleHeadersTrustCaching(HTTPConduit.java:1320)
	at org.apache.cxf.transport.http.HTTPConduit$WrappedOutputStream.onFirstWrite(HTTPConduit.java:1280)
	at org.apache.cxf.transport.http.URLConnectionHTTPConduit$URLConnectionWrappedOutputStream.onFirstWrite(URLConnectionHTTPConduit.java:267)
	at org.apache.cxf.io.AbstractWrappedOutputStream.write(AbstractWrappedOutputStream.java:47)
	at org.apache.cxf.io.AbstractThresholdOutputStream.write(AbstractThresholdOutputStream.java:69)
	at org.apache.cxf.transport.http.HTTPConduit$WrappedOutputStream.close(HTTPConduit.java:1333)
	... 41 more
</error>
  </testcase>
  <testcase time="1.024" classname="com.deluxe.test.cxf_jboss.HelloWorldIT" name="testPing">
    <error message="java.net.ConnectException: ConnectException invoking http://localhost:56916/jaxrs-service/hello/echo/SierraTangoNevada: Connection refused: connect" type="javax.ws.rs.ProcessingException">javax.ws.rs.ProcessingException: java.net.ConnectException: ConnectException invoking http://localhost:56916/jaxrs-service/hello/echo/SierraTangoNevada: Connection refused: connect
	at org.apache.cxf.jaxrs.client.AbstractClient.checkClientException(AbstractClient.java:596)
	at org.apache.cxf.jaxrs.client.AbstractClient.preProcessResult(AbstractClient.java:578)
	at org.apache.cxf.jaxrs.client.WebClient.doResponse(WebClient.java:1098)
	at org.apache.cxf.jaxrs.client.WebClient.doChainedInvocation(WebClient.java:1035)
	at org.apache.cxf.jaxrs.client.WebClient.doInvoke(WebClient.java:892)
	at org.apache.cxf.jaxrs.client.WebClient.doInvoke(WebClient.java:863)
	at org.apache.cxf.jaxrs.client.WebClient.invoke(WebClient.java:329)
	at org.apache.cxf.jaxrs.client.WebClient.get(WebClient.java:355)
	at com.deluxe.test.cxf_jboss.HelloWorldIT.testPing(HelloWorldIT.java:29)
	at sun.reflect.NativeMethodAccessorImpl.invoke0(Native Method)
	at sun.reflect.NativeMethodAccessorImpl.invoke(NativeMethodAccessorImpl.java:57)
	at sun.reflect.DelegatingMethodAccessorImpl.invoke(DelegatingMethodAccessorImpl.java:43)
	at java.lang.reflect.Method.invoke(Method.java:606)
	at org.junit.runners.model.FrameworkMethod$1.runReflectiveCall(FrameworkMethod.java:50)
	at org.junit.internal.runners.model.ReflectiveCallable.run(ReflectiveCallable.java:12)
	at org.junit.runners.model.FrameworkMethod.invokeExplosively(FrameworkMethod.java:47)
	at org.junit.internal.runners.statements.InvokeMethod.evaluate(InvokeMethod.java:17)
	at org.junit.runners.ParentRunner.runLeaf(ParentRunner.java:325)
	at org.junit.runners.BlockJUnit4ClassRunner.runChild(BlockJUnit4ClassRunner.java:78)
	at org.junit.runners.BlockJUnit4ClassRunner.runChild(BlockJUnit4ClassRunner.java:57)
	at org.junit.runners.ParentRunner$3.run(ParentRunner.java:290)
	at org.junit.runners.ParentRunner$1.schedule(ParentRunner.java:71)
	at org.junit.runners.ParentRunner.runChildren(ParentRunner.java:288)
	at org.junit.runners.ParentRunner.access$000(ParentRunner.java:58)
	at org.junit.runners.ParentRunner$2.evaluate(ParentRunner.java:268)
	at org.junit.internal.runners.statements.RunBefores.evaluate(RunBefores.java:26)
	at org.junit.runners.ParentRunner.run(ParentRunner.java:363)
	at org.apache.maven.surefire.junit4.JUnit4TestSet.execute(JUnit4TestSet.java:53)
	at org.apache.maven.surefire.junit4.JUnit4Provider.executeTestSet(JUnit4Provider.java:119)
	at org.apache.maven.surefire.junit4.JUnit4Provider.invoke(JUnit4Provider.java:101)
	at sun.reflect.NativeMethodAccessorImpl.invoke0(Native Method)
	at sun.reflect.NativeMethodAccessorImpl.invoke(NativeMethodAccessorImpl.java:57)
	at sun.reflect.DelegatingMethodAccessorImpl.invoke(DelegatingMethodAccessorImpl.java:43)
	at java.lang.reflect.Method.invoke(Method.java:606)
	at org.apache.maven.surefire.booter.ProviderFactory$ClassLoaderProxy.invoke(ProviderFactory.java:103)
	at com.sun.proxy.$Proxy0.invoke(Unknown Source)
	at org.apache.maven.surefire.booter.SurefireStarter.invokeProvider(SurefireStarter.java:150)
	at org.apache.maven.surefire.booter.SurefireStarter.runSuitesInProcess(SurefireStarter.java:91)
	at org.apache.maven.surefire.booter.ForkedBooter.main(ForkedBooter.java:69)
Caused by: java.net.ConnectException: ConnectException invoking http://localhost:56916/jaxrs-service/hello/echo/SierraTangoNevada: Connection refused: connect
	at sun.reflect.NativeConstructorAccessorImpl.newInstance0(Native Method)
	at sun.reflect.NativeConstructorAccessorImpl.newInstance(NativeConstructorAccessorImpl.java:57)
	at sun.reflect.DelegatingConstructorAccessorImpl.newInstance(DelegatingConstructorAccessorImpl.java:45)
	at java.lang.reflect.Constructor.newInstance(Constructor.java:526)
	at org.apache.cxf.transport.http.HTTPConduit$WrappedOutputStream.mapException(HTTPConduit.java:1377)
	at org.apache.cxf.transport.http.HTTPConduit$WrappedOutputStream.close(HTTPConduit.java:1361)
	at org.apache.cxf.transport.AbstractConduit.close(AbstractConduit.java:56)
	at org.apache.cxf.transport.http.HTTPConduit.close(HTTPConduit.java:651)
	at org.apache.cxf.interceptor.MessageSenderInterceptor$MessageSenderEndingInterceptor.handleMessage(MessageSenderInterceptor.java:62)
	at org.apache.cxf.phase.PhaseInterceptorChain.doIntercept(PhaseInterceptorChain.java:308)
	at org.apache.cxf.jaxrs.client.AbstractClient.doRunInterceptorChain(AbstractClient.java:666)
	at org.apache.cxf.jaxrs.client.WebClient.doChainedInvocation(WebClient.java:1034)
	... 35 more
Caused by: java.net.ConnectException: Connection refused: connect
	at java.net.DualStackPlainSocketImpl.waitForConnect(Native Method)
	at java.net.DualStackPlainSocketImpl.socketConnect(DualStackPlainSocketImpl.java:85)
	at java.net.AbstractPlainSocketImpl.doConnect(AbstractPlainSocketImpl.java:339)
	at java.net.AbstractPlainSocketImpl.connectToAddress(AbstractPlainSocketImpl.java:200)
	at java.net.AbstractPlainSocketImpl.connect(AbstractPlainSocketImpl.java:182)
	at java.net.PlainSocketImpl.connect(PlainSocketImpl.java:172)
	at java.net.SocksSocketImpl.connect(SocksSocketImpl.java:392)
	at java.net.Socket.connect(Socket.java:579)
	at sun.net.NetworkClient.doConnect(NetworkClient.java:175)
	at sun.net.www.http.HttpClient.openServer(HttpClient.java:432)
	at sun.net.www.http.HttpClient.openServer(HttpClient.java:527)
	at sun.net.www.http.HttpClient.&lt;init&gt;(HttpClient.java:211)
	at sun.net.www.http.HttpClient.New(HttpClient.java:308)
	at sun.net.www.http.HttpClient.New(HttpClient.java:326)
	at sun.net.www.protocol.http.HttpURLConnection.getNewHttpClient(HttpURLConnection.java:997)
	at sun.net.www.protocol.http.HttpURLConnection.plainConnect(HttpURLConnection.java:976)
	at sun.net.www.protocol.http.HttpURLConnection.connect(HttpURLConnection.java:851)
	at sun.net.www.protocol.http.HttpURLConnection.getInputStream(HttpURLConnection.java:1301)
	at java.net.HttpURLConnection.getResponseCode(HttpURLConnection.java:468)
	at org.apache.cxf.transport.http.URLConnectionHTTPConduit$URLConnectionWrappedOutputStream.getResponseCode(URLConnectionHTTPConduit.java:332)
	at org.apache.cxf.transport.http.HTTPConduit$WrappedOutputStream.doProcessResponseCode(HTTPConduit.java:1578)
	at org.apache.cxf.transport.http.HTTPConduit$WrappedOutputStream.handleResponseInternal(HTTPConduit.java:1607)
	at org.apache.cxf.transport.http.HTTPConduit$WrappedOutputStream.handleResponse(HTTPConduit.java:1551)
	at org.apache.cxf.transport.http.HTTPConduit$WrappedOutputStream.close(HTTPConduit.java:1348)
	... 41 more
</error>
  </testcase>
</testsuite>